<?xml version="1.0" encoding="UTF-8"?>
<testsuites>
  <testsuite name="hodTest" file="/home/piyush/Documents/programs/Software_Engg-Project-Student_Faculty_Interaction_System/testing using phpunit/test cases/hod_test.php" tests="1" assertions="2" failures="0" errors="0" time="0.038270">
    <testcase name="test_courseIncharge" class="hodTest" file="/home/piyush/Documents/programs/Software_Engg-Project-Student_Faculty_Interaction_System/testing using phpunit/test cases/hod_test.php" line="19" assertions="2" time="0.038270"/>
  </testsuite>
</testsuites>
