<?xml version="1.0" encoding="UTF-8"?>
<testsuites>
  <testsuite name="studentTest" file="/home/piyush/Documents/programs/Software_Engg-Project-Student_Faculty_Interaction_System/testing using phpunit/test cases/student_test.php" tests="3" assertions="6" failures="0" errors="0" time="0.005419">
    <testcase name="test_coursesEnrolledIn" class="studentTest" file="/home/piyush/Documents/programs/Software_Engg-Project-Student_Faculty_Interaction_System/testing using phpunit/test cases/student_test.php" line="19" assertions="2" time="0.002169"/>
    <testcase name="test_avgTopicRating" class="studentTest" file="/home/piyush/Documents/programs/Software_Engg-Project-Student_Faculty_Interaction_System/testing using phpunit/test cases/student_test.php" line="41" assertions="2" time="0.001645"/>
    <testcase name="test_getFacultyName" class="studentTest" file="/home/piyush/Documents/programs/Software_Engg-Project-Student_Faculty_Interaction_System/testing using phpunit/test cases/student_test.php" line="57" assertions="2" time="0.001605"/>
  </testsuite>
</testsuites>
