<?xml version="1.0" encoding="UTF-8"?>
<testsuites>
  <testsuite name="userDetailsTest" file="/home/piyush/Documents/programs/Software_Engg-Project-Student_Faculty_Interaction_System/testing using phpunit/test cases/userDetails_test.php" tests="3" assertions="12" failures="0" errors="0" time="0.342176">
    <testcase name="test_getUsername" class="userDetailsTest" file="/home/piyush/Documents/programs/Software_Engg-Project-Student_Faculty_Interaction_System/testing using phpunit/test cases/userDetails_test.php" line="19" assertions="4" time="0.336206"/>
    <testcase name="test_getEmail" class="userDetailsTest" file="/home/piyush/Documents/programs/Software_Engg-Project-Student_Faculty_Interaction_System/testing using phpunit/test cases/userDetails_test.php" line="40" assertions="4" time="0.002972"/>
    <testcase name="test_getUserID" class="userDetailsTest" file="/home/piyush/Documents/programs/Software_Engg-Project-Student_Faculty_Interaction_System/testing using phpunit/test cases/userDetails_test.php" line="61" assertions="4" time="0.002998"/>
  </testsuite>
</testsuites>
