<?xml version="1.0" encoding="UTF-8"?>
<testsuites>
  <testsuite name="userClassTest" file="/home/piyush/Documents/programs/Software_Engg-Project-Student_Faculty_Interaction_System/testing using phpunit/test cases/userClass_test.php" tests="2" assertions="16" failures="0" errors="0" time="0.085255">
    <testcase name="test_checkUser" class="userClassTest" file="/home/piyush/Documents/programs/Software_Engg-Project-Student_Faculty_Interaction_System/testing using phpunit/test cases/userClass_test.php" line="18" assertions="4" time="0.038549"/>
    <testcase name="test_checkNotifications" class="userClassTest" file="/home/piyush/Documents/programs/Software_Engg-Project-Student_Faculty_Interaction_System/testing using phpunit/test cases/userClass_test.php" line="40" assertions="12" time="0.046706"/>
  </testsuite>
</testsuites>
